
*** Running vivado
    with args -log top_module.vds -m64 -product Vivado -mode batch -messageDb vivado.pb -notrace -source top_module.tcl



****** Vivado v2020.2 (64-bit)
  **** SW Build 3064766 on Wed Nov 18 09:12:45 MST 2020
  **** IP Build 3064653 on Wed Nov 18 14:17:31 MST 2020
    ** Copyright 1986-2020 Xilinx, Inc. All Rights Reserved.

source top_module.tcl -notrace
Command: synth_design -top top_module -part xc7a100tcsg324-1
Starting synth_design
Attempting to get a license for feature 'Synthesis' and/or device 'xc7a100t'
INFO: [Common 17-349] Got license for feature 'Synthesis' and/or device 'xc7a100t'
INFO: [Device 21-403] Loading part xc7a100tcsg324-1
INFO: [Synth 8-7079] Multithreading enabled for synth_design using a maximum of 2 processes.
INFO: [Synth 8-7078] Launching helper process for spawning children vivado processes
INFO: [Synth 8-7075] Helper process launched with PID 14108
---------------------------------------------------------------------------------
Starting RTL Elaboration : Time (s): cpu = 00:00:02 ; elapsed = 00:00:02 . Memory (MB): peak = 1140.520 ; gain = 30.348
---------------------------------------------------------------------------------
INFO: [Synth 8-6157] synthesizing module 'top_module' [C:/Users/poudell/Documents/Lab2/hdl/top_module.sv:23]
INFO: [Synth 8-6157] synthesizing module 'sevenseg_ctl' [C:/Users/poudell/Documents/Lab2/projects/project_1/project_1.srcs/sources_1/imports/hdl/sevenseg_ctl.sv:23]
INFO: [Synth 8-6157] synthesizing module 'period_enb' [C:/Users/poudell/Documents/Lab2/projects/project_1/project_1.srcs/sources_1/imports/hdl/period_enb.sv:20]
	Parameter PERIOD_MS bound to: 1 - type: integer 
	Parameter PERIOD_US bound to: 1000 - type: integer 
	Parameter PERIOD_NS bound to: 1000000 - type: integer 
	Parameter CLKFREQ_MHZ bound to: 100 - type: integer 
	Parameter CLKPD_NS bound to: 10 - type: integer 
	Parameter PERIOD_COUNT_LIMIT bound to: 100000 - type: integer 
	Parameter PERIOD_COUNT_BITS bound to: 17 - type: integer 
INFO: [Synth 8-6155] done synthesizing module 'period_enb' (1#1) [C:/Users/poudell/Documents/Lab2/projects/project_1/project_1.srcs/sources_1/imports/hdl/period_enb.sv:20]
INFO: [Synth 8-6157] synthesizing module 'counter' [C:/Users/poudell/Documents/Lab2/projects/project_1/project_1.srcs/sources_1/imports/hdl/counter.sv:11]
	Parameter W bound to: 3 - type: integer 
INFO: [Synth 8-6155] done synthesizing module 'counter' (2#1) [C:/Users/poudell/Documents/Lab2/projects/project_1/project_1.srcs/sources_1/imports/hdl/counter.sv:11]
INFO: [Synth 8-6157] synthesizing module 'dec_3_8' [C:/Users/poudell/Documents/Lab2/projects/project_1/project_1.srcs/sources_1/imports/hdl/dec_3_8.sv:11]
INFO: [Synth 8-226] default block is never used [C:/Users/poudell/Documents/Lab2/projects/project_1/project_1.srcs/sources_1/imports/hdl/dec_3_8.sv:17]
INFO: [Synth 8-6155] done synthesizing module 'dec_3_8' (3#1) [C:/Users/poudell/Documents/Lab2/projects/project_1/project_1.srcs/sources_1/imports/hdl/dec_3_8.sv:11]
INFO: [Synth 8-6157] synthesizing module 'mux8' [C:/Users/poudell/Documents/Lab2/projects/project_1/project_1.srcs/sources_1/imports/hdl/mux8.sv:11]
	Parameter W bound to: 7 - type: integer 
INFO: [Synth 8-226] default block is never used [C:/Users/poudell/Documents/Lab2/projects/project_1/project_1.srcs/sources_1/imports/hdl/mux8.sv:16]
INFO: [Synth 8-6155] done synthesizing module 'mux8' (4#1) [C:/Users/poudell/Documents/Lab2/projects/project_1/project_1.srcs/sources_1/imports/hdl/mux8.sv:11]
INFO: [Synth 8-6157] synthesizing module 'sevenseg_ext_n' [C:/Users/poudell/Documents/Lab2/projects/project_1/project_1.srcs/sources_1/new/sevenseg_ext_n.sv:33]
INFO: [Synth 8-6155] done synthesizing module 'sevenseg_ext_n' (5#1) [C:/Users/poudell/Documents/Lab2/projects/project_1/project_1.srcs/sources_1/new/sevenseg_ext_n.sv:33]
INFO: [Synth 8-6155] done synthesizing module 'sevenseg_ctl' (6#1) [C:/Users/poudell/Documents/Lab2/projects/project_1/project_1.srcs/sources_1/imports/hdl/sevenseg_ctl.sv:23]
INFO: [Synth 8-6157] synthesizing module 'dig_clock' [C:/Users/poudell/Documents/Lab2/hdl/dig_clock.sv:23]
INFO: [Synth 8-6157] synthesizing module 'period_enb__parameterized0' [C:/Users/poudell/Documents/Lab2/projects/project_1/project_1.srcs/sources_1/imports/hdl/period_enb.sv:20]
	Parameter PERIOD_MS bound to: 1000 - type: integer 
	Parameter PERIOD_US bound to: 1000000 - type: integer 
	Parameter PERIOD_NS bound to: 1000000000 - type: integer 
	Parameter CLKFREQ_MHZ bound to: 100 - type: integer 
	Parameter CLKPD_NS bound to: 10 - type: integer 
	Parameter PERIOD_COUNT_LIMIT bound to: 100000000 - type: integer 
	Parameter PERIOD_COUNT_BITS bound to: 27 - type: integer 
INFO: [Synth 8-6155] done synthesizing module 'period_enb__parameterized0' (6#1) [C:/Users/poudell/Documents/Lab2/projects/project_1/project_1.srcs/sources_1/imports/hdl/period_enb.sv:20]
INFO: [Synth 8-6157] synthesizing module 'count_s' [C:/Users/poudell/Documents/Lab2/hdl/count_s.sv:23]
INFO: [Synth 8-6157] synthesizing module 'counter_rc_mod' [C:/Users/poudell/Documents/Lab2/hdl/counter_rc__mod.sv:11]
	Parameter MOD bound to: 60 - type: integer 
	Parameter W bound to: 6 - type: integer 
	Parameter R bound to: 0 - type: integer 
	Parameter C bound to: 0 - type: integer 
INFO: [Synth 8-6155] done synthesizing module 'counter_rc_mod' (7#1) [C:/Users/poudell/Documents/Lab2/hdl/counter_rc__mod.sv:11]
INFO: [Synth 8-6157] synthesizing module 'dbl_dabble_ext' [C:/Users/poudell/Documents/Lab2/hdl/dbl_dabble_ext.sv:15]
INFO: [Synth 8-251] dbl_dabble input: x [C:/Users/poudell/Documents/Lab2/hdl/dbl_dabble_ext.sv:22]
INFO: [Synth 8-251] add3o 4 4'bxxxx 4'bxxxx 4'bxxxx 4'bxxxx 13'bxxxxxxxxxxxxx [C:/Users/poudell/Documents/Lab2/hdl/dbl_dabble_ext.sv:29]
INFO: [Synth 8-251] add3o 5 4'bxxxx 4'bxxxx 4'bxxxx 4'bxxxx 13'bxxxxxxxxxxxxx [C:/Users/poudell/Documents/Lab2/hdl/dbl_dabble_ext.sv:29]
INFO: [Synth 8-251] add3o 6 4'bxxxx 4'bxxxx 4'bxxxx 4'bxxxx 13'bxxxxxxxxxxxxx [C:/Users/poudell/Documents/Lab2/hdl/dbl_dabble_ext.sv:29]
INFO: [Synth 8-251] add3o 7 4'bxxxx 4'bxxxx 4'bxxxx 4'bxxxx 13'bxxxxxxxxxxxxx [C:/Users/poudell/Documents/Lab2/hdl/dbl_dabble_ext.sv:29]
INFO: [Synth 8-251] add3o 7 4'bxxxx 4'bxxxx 4'bxxxx 4'bxxxx 13'bxxxxxxxxxxxxx [C:/Users/poudell/Documents/Lab2/hdl/dbl_dabble_ext.sv:33]
INFO: [Synth 8-251] add3o 8 4'bxxxx 4'bxxxx 4'bxxxx 4'bxxxx 13'bxxxxxxxxxxxxx [C:/Users/poudell/Documents/Lab2/hdl/dbl_dabble_ext.sv:29]
INFO: [Synth 8-251] add3o 8 4'bxxxx 4'bxxxx 4'bxxxx 4'bxxxx 13'bxxxxxxxxxxxxx [C:/Users/poudell/Documents/Lab2/hdl/dbl_dabble_ext.sv:33]
INFO: [Synth 8-251] add3o 9 4'bxxxx 4'bxxxx 4'bxxxx 4'bxxxx 13'bxxxxxxxxxxxxx [C:/Users/poudell/Documents/Lab2/hdl/dbl_dabble_ext.sv:29]
INFO: [Synth 8-251] add3o 9 4'bxxxx 4'bxxxx 4'bxxxx 4'bxxxx 13'bxxxxxxxxxxxxx [C:/Users/poudell/Documents/Lab2/hdl/dbl_dabble_ext.sv:33]
INFO: [Synth 8-251] add3o 10 4'bxxxx 4'bxxxx 4'bxxxx 4'bxxxx 13'bxxxxxxxxxxxxx [C:/Users/poudell/Documents/Lab2/hdl/dbl_dabble_ext.sv:29]
INFO: [Synth 8-251] add3o 10 4'bxxxx 4'bxxxx 4'bxxxx 4'bxxxx 13'bxxxxxxxxxxxxx [C:/Users/poudell/Documents/Lab2/hdl/dbl_dabble_ext.sv:33]
INFO: [Synth 8-251] add3o 10 4'bxxxx 4'bxxxx 4'bxxxx 4'bxxxx 13'bxxxxxxxxxxxxx [C:/Users/poudell/Documents/Lab2/hdl/dbl_dabble_ext.sv:37]
INFO: [Synth 8-251] add3o 11 4'bxxxx 4'bxxxx 4'bxxxx 4'bxxxx 13'bxxxxxxxxxxxxx [C:/Users/poudell/Documents/Lab2/hdl/dbl_dabble_ext.sv:29]
INFO: [Synth 8-251] add3o 11 4'bxxxx 4'bxxxx 4'bxxxx 4'bxxxx 13'bxxxxxxxxxxxxx [C:/Users/poudell/Documents/Lab2/hdl/dbl_dabble_ext.sv:33]
INFO: [Synth 8-251] add3o 11 4'bxxxx 4'bxxxx 4'bxxxx 4'bxxxx 13'bxxxxxxxxxxxxx [C:/Users/poudell/Documents/Lab2/hdl/dbl_dabble_ext.sv:37]
INFO: [Synth 8-251] add3o 12 4'bxxxx 4'bxxxx 4'bxxxx 4'bxxxx 13'bxxxxxxxxxxxxx [C:/Users/poudell/Documents/Lab2/hdl/dbl_dabble_ext.sv:29]
INFO: [Synth 8-251] add3o 12 4'bxxxx 4'bxxxx 4'bxxxx 4'bxxxx 13'bxxxxxxxxxxxxx [C:/Users/poudell/Documents/Lab2/hdl/dbl_dabble_ext.sv:33]
INFO: [Synth 8-251] add3o 12 4'bxxxx 4'bxxxx 4'bxxxx 4'bxxxx 13'bxxxxxxxxxxxxx [C:/Users/poudell/Documents/Lab2/hdl/dbl_dabble_ext.sv:37]
INFO: [Synth 8-251] add3o 13 4'bxxxx 4'bxxxx 4'bxxxx 4'bxxxx 13'bxxxxxxxxxxxxx [C:/Users/poudell/Documents/Lab2/hdl/dbl_dabble_ext.sv:29]
INFO: [Synth 8-251] add3o 13 4'bxxxx 4'bxxxx 4'bxxxx 4'bxxxx 13'bxxxxxxxxxxxxx [C:/Users/poudell/Documents/Lab2/hdl/dbl_dabble_ext.sv:33]
INFO: [Synth 8-251] add3o 13 4'bxxxx 4'bxxxx 4'bxxxx 4'bxxxx 13'bxxxxxxxxxxxxx [C:/Users/poudell/Documents/Lab2/hdl/dbl_dabble_ext.sv:37]
INFO: [Synth 8-251] add3o 13 4'bxxxx 4'bxxxx 4'bxxxx 4'bxxxx 13'bxxxxxxxxxxxxx [C:/Users/poudell/Documents/Lab2/hdl/dbl_dabble_ext.sv:41]
INFO: [Synth 8-251] result    x    x   x   x [C:/Users/poudell/Documents/Lab2/hdl/dbl_dabble_ext.sv:45]
INFO: [Synth 8-6155] done synthesizing module 'dbl_dabble_ext' (8#1) [C:/Users/poudell/Documents/Lab2/hdl/dbl_dabble_ext.sv:15]
WARNING: [Synth 8-7071] port 'thousands' of module 'dbl_dabble_ext' is unconnected for instance 'BINARY_TO_BCD' [C:/Users/poudell/Documents/Lab2/hdl/count_s.sv:34]
WARNING: [Synth 8-7023] instance 'BINARY_TO_BCD' of module 'dbl_dabble_ext' has 5 connections declared, but only 4 given [C:/Users/poudell/Documents/Lab2/hdl/count_s.sv:34]
INFO: [Synth 8-6155] done synthesizing module 'count_s' (9#1) [C:/Users/poudell/Documents/Lab2/hdl/count_s.sv:23]
INFO: [Synth 8-6157] synthesizing module 'count_m' [C:/Users/poudell/Documents/Lab2/projects/project_1/project_1.srcs/sources_1/new/count_m.sv:23]
WARNING: [Synth 8-7071] port 'thousands' of module 'dbl_dabble_ext' is unconnected for instance 'BINARY_TO_BCD' [C:/Users/poudell/Documents/Lab2/projects/project_1/project_1.srcs/sources_1/new/count_m.sv:37]
WARNING: [Synth 8-7023] instance 'BINARY_TO_BCD' of module 'dbl_dabble_ext' has 5 connections declared, but only 4 given [C:/Users/poudell/Documents/Lab2/projects/project_1/project_1.srcs/sources_1/new/count_m.sv:37]
INFO: [Synth 8-6155] done synthesizing module 'count_m' (10#1) [C:/Users/poudell/Documents/Lab2/projects/project_1/project_1.srcs/sources_1/new/count_m.sv:23]
INFO: [Synth 8-6157] synthesizing module 'count_h' [C:/Users/poudell/Documents/Lab2/hdl/count_h.sv:45]
INFO: [Synth 8-6157] synthesizing module 'counter_rc_mod__parameterized0' [C:/Users/poudell/Documents/Lab2/hdl/counter_rc__mod.sv:11]
	Parameter MOD bound to: 24 - type: integer 
	Parameter W bound to: 5 - type: integer 
	Parameter R bound to: 12 - type: integer 
	Parameter C bound to: 1 - type: integer 
INFO: [Synth 8-6155] done synthesizing module 'counter_rc_mod__parameterized0' (10#1) [C:/Users/poudell/Documents/Lab2/hdl/counter_rc__mod.sv:11]
WARNING: [Synth 8-7071] port 'thousands' of module 'dbl_dabble_ext' is unconnected for instance 'BINARY_TO_BCD' [C:/Users/poudell/Documents/Lab2/hdl/count_h.sv:74]
WARNING: [Synth 8-7023] instance 'BINARY_TO_BCD' of module 'dbl_dabble_ext' has 5 connections declared, but only 4 given [C:/Users/poudell/Documents/Lab2/hdl/count_h.sv:74]
INFO: [Synth 8-6155] done synthesizing module 'count_h' (11#1) [C:/Users/poudell/Documents/Lab2/hdl/count_h.sv:45]
INFO: [Synth 8-6155] done synthesizing module 'dig_clock' (12#1) [C:/Users/poudell/Documents/Lab2/hdl/dig_clock.sv:23]
INFO: [Synth 8-6155] done synthesizing module 'top_module' (13#1) [C:/Users/poudell/Documents/Lab2/hdl/top_module.sv:23]
---------------------------------------------------------------------------------
Finished RTL Elaboration : Time (s): cpu = 00:00:03 ; elapsed = 00:00:03 . Memory (MB): peak = 1193.828 ; gain = 83.656
---------------------------------------------------------------------------------
---------------------------------------------------------------------------------
Start Handling Custom Attributes
---------------------------------------------------------------------------------
---------------------------------------------------------------------------------
Finished Handling Custom Attributes : Time (s): cpu = 00:00:03 ; elapsed = 00:00:04 . Memory (MB): peak = 1193.828 ; gain = 83.656
---------------------------------------------------------------------------------
---------------------------------------------------------------------------------
Finished RTL Optimization Phase 1 : Time (s): cpu = 00:00:03 ; elapsed = 00:00:04 . Memory (MB): peak = 1193.828 ; gain = 83.656
---------------------------------------------------------------------------------
Netlist sorting complete. Time (s): cpu = 00:00:00 ; elapsed = 00:00:00.006 . Memory (MB): peak = 1193.828 ; gain = 0.000
INFO: [Project 1-570] Preparing netlist for logic optimization

Processing XDC Constraints
Initializing timing engine
Parsing XDC File [C:/Users/poudell/Documents/Lab2/constraints/constraints.xdc]
Finished Parsing XDC File [C:/Users/poudell/Documents/Lab2/constraints/constraints.xdc]
INFO: [Project 1-236] Implementation specific constraints were found while reading constraint file [C:/Users/poudell/Documents/Lab2/constraints/constraints.xdc]. These constraints will be ignored for synthesis but will be used in implementation. Impacted constraints are listed in the file [.Xil/top_module_propImpl.xdc].
Resolution: To avoid this warning, move constraints listed in [.Xil/top_module_propImpl.xdc] to another XDC file and exclude this new file from synthesis with the used_in_synthesis property (File Properties dialog in GUI) and re-run elaboration/synthesis.
Completed Processing XDC Constraints

Netlist sorting complete. Time (s): cpu = 00:00:00 ; elapsed = 00:00:00 . Memory (MB): peak = 1308.824 ; gain = 0.000
INFO: [Project 1-111] Unisim Transformation Summary:
No Unisim elements were transformed.

Constraint Validation Runtime : Time (s): cpu = 00:00:00 ; elapsed = 00:00:00.002 . Memory (MB): peak = 1308.824 ; gain = 0.000
---------------------------------------------------------------------------------
Finished Constraint Validation : Time (s): cpu = 00:00:07 ; elapsed = 00:00:07 . Memory (MB): peak = 1308.824 ; gain = 198.652
---------------------------------------------------------------------------------
---------------------------------------------------------------------------------
Start Loading Part and Timing Information
---------------------------------------------------------------------------------
Loading part: xc7a100tcsg324-1
---------------------------------------------------------------------------------
Finished Loading Part and Timing Information : Time (s): cpu = 00:00:07 ; elapsed = 00:00:07 . Memory (MB): peak = 1308.824 ; gain = 198.652
---------------------------------------------------------------------------------
---------------------------------------------------------------------------------
Start Applying 'set_property' XDC Constraints
---------------------------------------------------------------------------------
---------------------------------------------------------------------------------
Finished applying 'set_property' XDC Constraints : Time (s): cpu = 00:00:07 ; elapsed = 00:00:07 . Memory (MB): peak = 1308.824 ; gain = 198.652
---------------------------------------------------------------------------------
---------------------------------------------------------------------------------
Finished RTL Optimization Phase 2 : Time (s): cpu = 00:00:07 ; elapsed = 00:00:07 . Memory (MB): peak = 1308.824 ; gain = 198.652
---------------------------------------------------------------------------------
---------------------------------------------------------------------------------
Start RTL Component Statistics 
---------------------------------------------------------------------------------
Detailed RTL Component Info : 
+---Adders : 
	   2 Input    6 Bit       Adders := 2     
	   2 Input    5 Bit       Adders := 2     
	   2 Input    4 Bit       Adders := 66    
	   2 Input    3 Bit       Adders := 1     
+---Registers : 
	                6 Bit    Registers := 2     
	                5 Bit    Registers := 1     
	                3 Bit    Registers := 1     
+---Muxes : 
	   8 Input    8 Bit        Muxes := 1     
	  17 Input    7 Bit        Muxes := 1     
	   2 Input    7 Bit        Muxes := 1     
	   3 Input    5 Bit        Muxes := 1     
	   2 Input    5 Bit        Muxes := 1     
	   2 Input    4 Bit        Muxes := 66    
	   2 Input    1 Bit        Muxes := 3     
---------------------------------------------------------------------------------
Finished RTL Component Statistics 
---------------------------------------------------------------------------------
---------------------------------------------------------------------------------
Start Part Resource Summary
---------------------------------------------------------------------------------
Part Resources:
DSPs: 240 (col length:80)
BRAMs: 270 (col length: RAMB18 80 RAMB36 40)
---------------------------------------------------------------------------------
Finished Part Resource Summary
---------------------------------------------------------------------------------
---------------------------------------------------------------------------------
Start Cross Boundary and Area Optimization
---------------------------------------------------------------------------------
---------------------------------------------------------------------------------
Finished Cross Boundary and Area Optimization : Time (s): cpu = 00:00:08 ; elapsed = 00:00:09 . Memory (MB): peak = 1308.824 ; gain = 198.652
---------------------------------------------------------------------------------
---------------------------------------------------------------------------------
Start Applying XDC Timing Constraints
---------------------------------------------------------------------------------
---------------------------------------------------------------------------------
Finished Applying XDC Timing Constraints : Time (s): cpu = 00:00:12 ; elapsed = 00:00:12 . Memory (MB): peak = 1308.824 ; gain = 198.652
---------------------------------------------------------------------------------
---------------------------------------------------------------------------------
Start Timing Optimization
---------------------------------------------------------------------------------
---------------------------------------------------------------------------------
Finished Timing Optimization : Time (s): cpu = 00:00:12 ; elapsed = 00:00:13 . Memory (MB): peak = 1320.203 ; gain = 210.031
---------------------------------------------------------------------------------
---------------------------------------------------------------------------------
Start Technology Mapping
---------------------------------------------------------------------------------
---------------------------------------------------------------------------------
Finished Technology Mapping : Time (s): cpu = 00:00:12 ; elapsed = 00:00:13 . Memory (MB): peak = 1324.688 ; gain = 214.516
---------------------------------------------------------------------------------
---------------------------------------------------------------------------------
Start IO Insertion
---------------------------------------------------------------------------------
---------------------------------------------------------------------------------
Start Flattening Before IO Insertion
---------------------------------------------------------------------------------
---------------------------------------------------------------------------------
Finished Flattening Before IO Insertion
---------------------------------------------------------------------------------
---------------------------------------------------------------------------------
Start Final Netlist Cleanup
---------------------------------------------------------------------------------
---------------------------------------------------------------------------------
Finished Final Netlist Cleanup
---------------------------------------------------------------------------------
---------------------------------------------------------------------------------
Finished IO Insertion : Time (s): cpu = 00:00:14 ; elapsed = 00:00:15 . Memory (MB): peak = 1330.496 ; gain = 220.324
---------------------------------------------------------------------------------
---------------------------------------------------------------------------------
Start Renaming Generated Instances
---------------------------------------------------------------------------------
---------------------------------------------------------------------------------
Finished Renaming Generated Instances : Time (s): cpu = 00:00:14 ; elapsed = 00:00:15 . Memory (MB): peak = 1330.496 ; gain = 220.324
---------------------------------------------------------------------------------
---------------------------------------------------------------------------------
Start Rebuilding User Hierarchy
---------------------------------------------------------------------------------
---------------------------------------------------------------------------------
Finished Rebuilding User Hierarchy : Time (s): cpu = 00:00:14 ; elapsed = 00:00:15 . Memory (MB): peak = 1330.496 ; gain = 220.324
---------------------------------------------------------------------------------
---------------------------------------------------------------------------------
Start Renaming Generated Ports
---------------------------------------------------------------------------------
---------------------------------------------------------------------------------
Finished Renaming Generated Ports : Time (s): cpu = 00:00:14 ; elapsed = 00:00:15 . Memory (MB): peak = 1330.496 ; gain = 220.324
---------------------------------------------------------------------------------
---------------------------------------------------------------------------------
Start Handling Custom Attributes
---------------------------------------------------------------------------------
---------------------------------------------------------------------------------
Finished Handling Custom Attributes : Time (s): cpu = 00:00:14 ; elapsed = 00:00:15 . Memory (MB): peak = 1330.496 ; gain = 220.324
---------------------------------------------------------------------------------
---------------------------------------------------------------------------------
Start Renaming Generated Nets
---------------------------------------------------------------------------------
---------------------------------------------------------------------------------
Finished Renaming Generated Nets : Time (s): cpu = 00:00:14 ; elapsed = 00:00:15 . Memory (MB): peak = 1330.496 ; gain = 220.324
---------------------------------------------------------------------------------
---------------------------------------------------------------------------------
Start Writing Synthesis Report
---------------------------------------------------------------------------------

Report BlackBoxes: 
+-+--------------+----------+
| |BlackBox name |Instances |
+-+--------------+----------+
+-+--------------+----------+

Report Cell Usage: 
+------+-------+------+
|      |Cell   |Count |
+------+-------+------+
|1     |BUFG   |     1|
|2     |CARRY4 |    12|
|3     |LUT1   |     4|
|4     |LUT2   |     6|
|5     |LUT3   |    14|
|6     |LUT4   |    10|
|7     |LUT5   |    22|
|8     |LUT6   |    24|
|9     |MUXF7  |     1|
|10    |FDRE   |    62|
|11    |FDSE   |     2|
|12    |IBUF   |     4|
|13    |OBUF   |    16|
+------+-------+------+
---------------------------------------------------------------------------------
Finished Writing Synthesis Report : Time (s): cpu = 00:00:14 ; elapsed = 00:00:15 . Memory (MB): peak = 1330.496 ; gain = 220.324
---------------------------------------------------------------------------------
Synthesis finished with 0 errors, 0 critical warnings and 0 warnings.
Synthesis Optimization Runtime : Time (s): cpu = 00:00:09 ; elapsed = 00:00:13 . Memory (MB): peak = 1330.496 ; gain = 105.328
Synthesis Optimization Complete : Time (s): cpu = 00:00:14 ; elapsed = 00:00:15 . Memory (MB): peak = 1330.496 ; gain = 220.324
INFO: [Project 1-571] Translating synthesized netlist
Netlist sorting complete. Time (s): cpu = 00:00:00 ; elapsed = 00:00:00.001 . Memory (MB): peak = 1342.512 ; gain = 0.000
INFO: [Netlist 29-17] Analyzing 13 Unisim elements for replacement
INFO: [Netlist 29-28] Unisim Transformation completed in 0 CPU seconds
INFO: [Project 1-570] Preparing netlist for logic optimization
INFO: [Opt 31-138] Pushed 0 inverter(s) to 0 load pin(s).
Netlist sorting complete. Time (s): cpu = 00:00:00 ; elapsed = 00:00:00 . Memory (MB): peak = 1342.512 ; gain = 0.000
INFO: [Project 1-111] Unisim Transformation Summary:
No Unisim elements were transformed.

INFO: [Common 17-83] Releasing license: Synthesis
71 Infos, 6 Warnings, 0 Critical Warnings and 0 Errors encountered.
synth_design completed successfully
synth_design: Time (s): cpu = 00:00:17 ; elapsed = 00:00:19 . Memory (MB): peak = 1342.512 ; gain = 232.340
INFO: [Common 17-1381] The checkpoint 'C:/Users/poudell/Documents/Lab2/projects/project_1/project_1.runs/synth_1/top_module.dcp' has been generated.
INFO: [runtcl-4] Executing : report_utilization -file top_module_utilization_synth.rpt -pb top_module_utilization_synth.pb
INFO: [Common 17-206] Exiting Vivado at Tue Sep 20 09:33:30 2022...
