Vivado Simulator 2020.2
Time resolution is 1 ps
dbl_dabble input:    x
result     X     x    x    x
dbl_dabble input:   50
add3o 11 0000 0000 0000 1001 100000000000
add3o 13 0000 0000 0010 1000 00000000
result     0     0    5    0
dbl_dabble input: 2559
add3o 6 0000 0000 0000 1100 1111111100000
add3o 7 0000 0000 0001 1100 1111111000000
add3o 8 0000 0000 0011 1100 1111110000000
add3o 9 0000 0000 0111 1100 1111100000000
add3o 9 0000 0000 1010 1100 1111100000000
add3o 10 0000 0001 0101 1100 1111000000000
add3o 10 0000 0001 1000 1100 1111000000000
add3o 11 0000 0011 0001 1100 1110000000000
add3o 12 0000 0110 0011 1100 1100000000000
add3o 12 0000 1001 0011 1100 1100000000000
add3o 13 0001 0010 0111 1100 1000000000000
add3o 13 0001 0010 1010 1100 1000000000000
result     2     5    5    9
dbl_dabble input:   10
add3o 13 0000 0000 0000 1000 00000000
result     0     0    1    0
dbl_dabble input:    3
result     0     0    0    3
dbl_dabble input:    1
result     0     0    0    1
dbl_dabble input:  321
add3o 8 0000 0000 0000 1000 10000000
add3o 12 0000 0000 1011 0000 100000000000
add3o 13 0000 0001 1001 0000 1000000000000
result     0     3    2    1
dbl_dabble input:  320
add3o 8 0000 0000 0000 1000 00000000
add3o 12 0000 0000 1011 0000 00000000
add3o 13 0000 0001 1001 0000 00000000
result     0     3    2    0
$stop called at time : 80 ns : File "C:/Users/poudell/Documents/Lab3/hdl/tdisplay_tb.sv" Line 64
